-------------------------------------------------------------------------------
Test set: TestSuite
-------------------------------------------------------------------------------
Tests run: 218, Failures: 33, Errors: 0, Skipped: 177, Time elapsed: 36.762 s <<< FAILURE! - in TestSuite
WrongCreatePostTest.reg  Time elapsed: 9.761 s  <<< FAILURE!
java.lang.AssertionError: 
1 expectation failed.
Expected status code <200> but was <400>.


SuccessAuthorizationTest.reg  Time elapsed: 0.206 s  <<< FAILURE!
java.lang.AssertionError: 
1 expectation failed.
Expected status code <200> but was <400>.


WrongChangeUserInfoTest.reg  Time elapsed: 0.201 s  <<< FAILURE!
java.lang.AssertionError: 
1 expectation failed.
Expected status code <200> but was <400>.


CreatePostTest.reg  Time elapsed: 0.548 s  <<< FAILURE!
java.lang.AssertionError: 
1 expectation failed.
Expected status code <200> but was <400>.


GetUserInfoTest.reg  Time elapsed: 0.18 s  <<< FAILURE!
java.lang.AssertionError: 
1 expectation failed.
Expected status code <200> but was <400>.


WrongLoginTest.reg  Time elapsed: 0.186 s  <<< FAILURE!
java.lang.AssertionError: 
1 expectation failed.
Expected status code <200> but was <400>.


DeletePostTest.reg  Time elapsed: 0.516 s  <<< FAILURE!
java.lang.AssertionError: 
1 expectation failed.
Expected status code <200> but was <400>.


WrongGetUserPostTest.reg  Time elapsed: 0.184 s  <<< FAILURE!
java.lang.AssertionError: 
1 expectation failed.
Expected status code <200> but was <400>.


WrongDeletePostTest.reg  Time elapsed: 0.668 s  <<< FAILURE!
java.lang.AssertionError: 
1 expectation failed.
Expected status code <200> but was <400>.


WrongGetPostTest.getPostWithPageEqual0  Time elapsed: 0.212 s  <<< FAILURE!
java.lang.AssertionError: 
The following asserts failed:
	Wrong "success" expected [true] but found [false]
	at WrongGetPostTest.getPostWithPageEqual0(WrongGetPostTest.java:88)

WrongGetPostTest.getPostWithPerPageEqual0  Time elapsed: 0.204 s  <<< FAILURE!
java.lang.AssertionError: 
The following asserts failed:
	Wrong "success" expected [true] but found [false]
	at WrongGetPostTest.getPostWithPerPageEqual0(WrongGetPostTest.java:118)

WrongGetPostTest.getPostWithoutPage  Time elapsed: 0.208 s  <<< FAILURE!
java.lang.AssertionError: 
The following asserts failed:
	"codes" does not contain correct error code expected [true] but found [false]
	at WrongGetPostTest.getPostWithoutPage(WrongGetPostTest.java:37)

WrongGetPostTest.getPostWithoutPerPage  Time elapsed: 0.188 s  <<< FAILURE!
java.lang.AssertionError: 
The following asserts failed:
	"codes" does not contain correct error code expected [true] but found [false]
	at WrongGetPostTest.getPostWithoutPerPage(WrongGetPostTest.java:60)

WrongRegistrationTest.regWithEmptyAllFields  Time elapsed: 0.23 s  <<< FAILURE!
java.lang.AssertionError: 
The following asserts failed:
	"codes" does not contain correct error code expected [true] but found [false],
	"codes" does not contain correct error code expected [true] but found [false]
	at WrongRegistrationTest.regWithEmptyAllFields(WrongRegistrationTest.java:52)

WrongRegistrationTest.regWithEmptyName  Time elapsed: 0.23 s  <<< FAILURE!
java.lang.AssertionError: 
The following asserts failed:
	"codes" does not contain correct error code expected [true] but found [false]
	at WrongRegistrationTest.regWithEmptyName(WrongRegistrationTest.java:145)

WrongRegistrationTest.regWithEmptyPassword  Time elapsed: 0.208 s  <<< FAILURE!
java.lang.AssertionError: 
The following asserts failed:
	"codes" does not contain correct error code expected [true] but found [false]
	at WrongRegistrationTest.regWithEmptyPassword(WrongRegistrationTest.java:181)

WrongRegistrationTest.regWithEmptyRole  Time elapsed: 0.199 s  <<< FAILURE!
java.lang.AssertionError: 
The following asserts failed:
	"codes" does not contain correct error code expected [true] but found [false]
	at WrongRegistrationTest.regWithEmptyRole(WrongRegistrationTest.java:217)

WrongRegistrationTest.regWithExistingEmail  Time elapsed: 0.178 s  <<< FAILURE!
java.lang.AssertionError: 
1 expectation failed.
Expected status code <200> but was <400>.

	at WrongRegistrationTest.regWithExistingEmail(WrongRegistrationTest.java:245)

WrongRegistrationTest.regWithNullAllFields  Time elapsed: 0.572 s  <<< FAILURE!
java.lang.AssertionError: 
The following asserts failed:
	"codes" does not contain correct error code expected [true] but found [false],
	"codes" does not contain correct error code expected [true] but found [false]
	at WrongRegistrationTest.regWithNullAllFields(WrongRegistrationTest.java:73)

WrongRegistrationTest.regWithWrongName  Time elapsed: 0.269 s  <<< FAILURE!
java.lang.AssertionError: 
The following asserts failed:
	"codes" does not contain correct error code expected [true] but found [false]
	at WrongRegistrationTest.regWithWrongName(WrongRegistrationTest.java:272)

WrongRegistrationTest.regWithWrongRole  Time elapsed: 0.238 s  <<< FAILURE!
java.lang.AssertionError: 
The following asserts failed:
	"codes" does not contain correct error code expected [true] but found [false]
	at WrongRegistrationTest.regWithWrongRole(WrongRegistrationTest.java:290)

WrongRegistrationTest.regWithoutAvatar  Time elapsed: 0.209 s  <<< FAILURE!
java.lang.AssertionError: 
The following asserts failed:
	"codes" does not contain correct error code expected [true] but found [false]
	at WrongRegistrationTest.regWithoutAvatar(WrongRegistrationTest.java:109)

WrongRegistrationTest.regWithoutEmail  Time elapsed: 0.254 s  <<< FAILURE!
java.lang.AssertionError: 
The following asserts failed:
	"codes" does not contain correct error code expected [true] but found [false]
	at WrongRegistrationTest.regWithoutEmail(WrongRegistrationTest.java:127)

WrongRegistrationTest.regWithoutName  Time elapsed: 0.259 s  <<< FAILURE!
java.lang.AssertionError: 
The following asserts failed:
	"codes" does not contain correct error code expected [true] but found [false]
	at WrongRegistrationTest.regWithoutName(WrongRegistrationTest.java:163)

WrongRegistrationTest.regWithoutRole  Time elapsed: 0.272 s  <<< FAILURE!
java.lang.AssertionError: 
The following asserts failed:
	"codes" does not contain correct error code expected [true] but found [false]
	at WrongRegistrationTest.regWithoutRole(WrongRegistrationTest.java:235)

DeleteUserTest.deleteUser  Time elapsed: 0.292 s  <<< FAILURE!
java.lang.AssertionError: 
1 expectation failed.
Expected status code <200> but was <400>.

	at DeleteUserTest.deleteUser(DeleteUserTest.java:30)

DeleteUserTest.deleteWithEmptyToken  Time elapsed: 0.214 s  <<< FAILURE!
java.lang.AssertionError: 
1 expectation failed.
Expected status code <200> but was <400>.

	at DeleteUserTest.deleteWithEmptyToken(DeleteUserTest.java:50)

DeleteUserTest.deleteWithoutToken  Time elapsed: 0.197 s  <<< FAILURE!
java.lang.AssertionError: 
1 expectation failed.
Expected status code <200> but was <400>.

	at DeleteUserTest.deleteWithoutToken(DeleteUserTest.java:76)

ChangePostTest.reg  Time elapsed: 0.53 s  <<< FAILURE!
java.lang.AssertionError: 
1 expectation failed.
Expected status code <200> but was <400>.


WrongGetSpecificPostTest.reg  Time elapsed: 0.214 s  <<< FAILURE!
java.lang.AssertionError: 
1 expectation failed.
Expected status code <200> but was <400>.


SuccessRegistrationTest.registrationTest  Time elapsed: 0.2 s  <<< FAILURE!
java.lang.AssertionError: 
1 expectation failed.
Expected status code <200> but was <400>.

	at SuccessRegistrationTest.registrationTest(SuccessRegistrationTest.java:25)

ChangeUserInfoTest.reg  Time elapsed: 0.412 s  <<< FAILURE!
java.lang.AssertionError: 
1 expectation failed.
Expected status code <200> but was <400>.


WrongChangePostTest.reg  Time elapsed: 0.24 s  <<< FAILURE!
java.lang.AssertionError: 
1 expectation failed.
Expected status code <200> but was <400>.


